<?xml version="1.0" encoding="UTF-8"?>
<!-- Generated by org.testng.reporters.JUnitReportReporter -->
<testsuite hostname="selenium7" failures="0" tests="1" name="NewParascript.Sampletwo" time="0.004" errors="0" timestamp="2024-12-13T10:43:04 IST" skipped="0">
  <testcase classname="NewParascript.Sampletwo" name="testOne" time="0.004"/>
  <system-out/>
</testsuite> <!-- NewParascript.Sampletwo -->
