<?xml version="1.0" encoding="UTF-8"?>
<!-- Generated by org.testng.reporters.JUnitReportReporter -->
<testsuite hostname="selenium7" failures="0" tests="1" name="testScripts.LoginTest" time="7.441" errors="0" timestamp="2024-12-13T11:40:40 IST" skipped="0">
  <testcase classname="testScripts.LoginTest" name="ValidLogin" time="7.441"/>
  <system-out/>
</testsuite> <!-- testScripts.LoginTest -->
