<?xml version="1.0" encoding="UTF-8"?>
<!-- Generated by org.testng.reporters.JUnitReportReporter -->
<testsuite hostname="selenium7" failures="0" tests="1" name="testScripts.NewLoginTest" time="7.042" errors="0" timestamp="2024-12-16T11:56:04 IST" skipped="0">
  <testcase classname="testScripts.NewLoginTest" name="ValidLogin" time="7.042"/>
  <system-out/>
</testsuite> <!-- testScripts.NewLoginTest -->
