<?xml version="1.0" encoding="UTF-8"?>
<!-- Generated by org.testng.reporters.JUnitReportReporter -->
<testsuite hostname="selenium7" failures="0" tests="1" name="testScripts.RemoteWebDriverTest" time="8.650" errors="0" timestamp="2024-12-18T11:23:26 IST" skipped="0">
  <testcase classname="testScripts.RemoteWebDriverTest" name="test" time="8.650"/>
  <system-out/>
</testsuite> <!-- testScripts.RemoteWebDriverTest -->
