<?xml version="1.0" encoding="UTF-8"?>
<!-- Generated by org.testng.reporters.JUnitReportReporter -->
<testsuite hostname="selenium7" failures="0" tests="4" name="NewParascript.Sample1" time="0.030" errors="0" timestamp="2024-12-13T10:43:04 IST" skipped="0">
  <testcase classname="NewParascript.Sample1" name="testthree" time="0.004"/>
  <system-out/>
  <testcase classname="NewParascript.Sample1" name="testone" time="0.007"/>
  <system-out/>
  <testcase classname="NewParascript.Sample1" name="testfour" time="0.014"/>
  <system-out/>
  <testcase classname="NewParascript.Sample1" name="testtwo" time="0.005"/>
  <system-out/>
</testsuite> <!-- NewParascript.Sample1 -->
