<?xml version="1.0" encoding="UTF-8"?>
<!-- Generated by org.testng.reporters.JUnitReportReporter -->
<testsuite hostname="selenium7" failures="0" tests="1" name="testScripts.DisplayTest" time="5.844" errors="0" timestamp="2024-12-14T15:18:02 IST" skipped="0">
  <testcase classname="testScripts.DisplayTest" name="displayEleTest" time="5.844"/>
  <system-out/>
</testsuite> <!-- testScripts.DisplayTest -->
