<?xml version="1.0" encoding="UTF-8"?>
<!-- Generated by org.testng.reporters.JUnitReportReporter -->
<testsuite hostname="selenium7" failures="0" tests="4" name="NewParascript.SampleThree" time="0.025" errors="0" timestamp="2024-12-13T10:27:09 IST" skipped="0">
  <testcase classname="NewParascript.SampleThree" name="testTwo" time="0.006"/>
  <system-out/>
  <testcase classname="NewParascript.SampleThree" name="testFour" time="0.005"/>
  <system-out/>
  <testcase classname="NewParascript.SampleThree" name="testThree" time="0.004"/>
  <system-out/>
  <testcase classname="NewParascript.SampleThree" name="testone" time="0.010"/>
  <system-out/>
</testsuite> <!-- NewParascript.SampleThree -->
