<?xml version="1.0" encoding="UTF-8"?>
<!-- Generated by org.testng.reporters.JUnitReportReporter -->
<testsuite hostname="selenium7" failures="0" tests="1" name="testScripts.XpathLocator" time="10.046" errors="0" timestamp="2024-12-12T14:17:45 IST" skipped="0">
  <testcase classname="testScripts.XpathLocator" name="f" time="10.046"/>
  <system-out/>
</testsuite> <!-- testScripts.XpathLocator -->
